<?xml version="1.0" encoding="UTF-8"?>
<!-- Generated by org.testng.reporters.JUnitReportReporter -->
<testsuite hostname="AMALITECH-PC-10186" failures="0" tests="1" name="GStore.MobileBrowserTest" time="5.193" errors="0" timestamp="2023-11-24T13:18:44 GMT" skipped="0">
  <testcase classname="GStore.MobileBrowserTest" name="browserTest" time="5.193"/>
  <system-out/>
</testsuite> <!-- GStore.MobileBrowserTest -->
