<?xml version="1.0" encoding="UTF-8"?>
<!-- Generated by org.testng.reporters.JUnitReportReporter -->
<testsuite hostname="AMALITECH-PC-10186" failures="0" tests="1" name="AppiumBasic.LongPress" time="2.590" errors="0" timestamp="2023-11-20T09:21:19 GMT" skipped="0">
  <testcase classname="AppiumBasic.LongPress" name="Views" time="2.590"/>
  <system-out/>
</testsuite> <!-- AppiumBasic.LongPress -->
