<?xml version="1.0" encoding="UTF-8"?>
<!-- Generated by org.testng.reporters.JUnitReportReporter -->
<testsuite hostname="AMALITECH-PC-10186" failures="0" tests="1" name="AppiumBasic.AppiumBasics" time="7.461" errors="0" timestamp="2023-11-21T16:30:58 GMT" skipped="0">
  <testcase classname="AppiumBasic.AppiumBasics" name="WifiSettingsName" time="7.461"/>
  <system-out/>
</testsuite> <!-- AppiumBasic.AppiumBasics -->
