<?xml version="1.0" encoding="UTF-8"?>
<!-- Generated by org.testng.reporters.JUnitReportReporter -->
<testsuite hostname="AMALITECH-PC-10186" failures="0" tests="1" name="GStore.CheckoutPage" time="25.876" errors="0" timestamp="2023-11-23T08:56:15 GMT" skipped="0">
  <testcase classname="GStore.CheckoutPage" name="checkout" time="25.876"/>
  <system-out/>
</testsuite> <!-- GStore.CheckoutPage -->
