<?xml version="1.0" encoding="UTF-8"?>
<!-- Generated by org.testng.reporters.JUnitReportReporter -->
<testsuite hostname="AMALITECH-PC-10186" failures="0" tests="1" name="AppiumBasic.AppiumBasics" time="5.118" errors="0" timestamp="2023-11-15T15:52:34 GMT" skipped="0">
  <testcase classname="AppiumBasic.AppiumBasics" name="WifiSettingsName" time="5.118"/>
  <system-out/>
</testsuite> <!-- AppiumBasic.AppiumBasics -->
