<?xml version="1.0" encoding="UTF-8"?>
<!-- Generated by org.testng.reporters.JUnitReportReporter -->
<testsuite hostname="AMALITECH-PC-10186" failures="0" tests="1" name="AppiumBasic.AppiumBasics" time="7.422" errors="0" timestamp="2023-11-17T16:16:53 GMT" skipped="0">
  <testcase classname="AppiumBasic.AppiumBasics" name="WifiSettingsName" time="7.422"/>
  <system-out/>
</testsuite> <!-- AppiumBasic.AppiumBasics -->
