<?xml version="1.0" encoding="UTF-8"?>
<!-- Generated by org.testng.reporters.JUnitReportReporter -->
<testsuite hostname="AMALITECH-PC-10186" failures="0" tests="1" name="GStore.MobileBrowserTest" time="11.002" errors="0" timestamp="2023-11-24T12:05:10 GMT" skipped="0">
  <testcase classname="GStore.MobileBrowserTest" name="browserTest" time="11.002"/>
  <system-out/>
</testsuite> <!-- GStore.MobileBrowserTest -->
