<?xml version="1.0" encoding="UTF-8"?>
<!-- Generated by org.testng.reporters.JUnitReportReporter -->
<testsuite hostname="AMALITECH-PC-10186" failures="0" tests="1" name="GStore.HybridApps" time="66.814" errors="0" timestamp="2023-11-24T11:58:55 GMT" skipped="0">
  <testcase classname="GStore.HybridApps" name="checkBox" time="66.814"/>
  <system-out/>
</testsuite> <!-- GStore.HybridApps -->
