<?xml version="1.0" encoding="UTF-8"?>
<!-- Generated by org.testng.reporters.JUnitReportReporter -->
<testsuite hostname="AMALITECH-PC-10186" failures="0" tests="1" name="FingerPrint.Fingerprint" time="25.288" errors="0" timestamp="2023-12-13T11:06:47 GMT" skipped="0">
  <testcase classname="FingerPrint.Fingerprint" name="fPrint" time="25.288"/>
  <system-out/>
</testsuite> <!-- FingerPrint.Fingerprint -->
