<?xml version="1.0" encoding="UTF-8"?>
<!-- Generated by org.testng.reporters.JUnitReportReporter -->
<testsuite hostname="AMALITECH-PC-10186" failures="0" tests="1" name="AppiumBasic.DragNDrop" time="13.836" errors="0" timestamp="2023-11-20T12:35:56 GMT" skipped="0">
  <testcase classname="AppiumBasic.DragNDrop" name="DragDemoTests" time="13.836"/>
  <system-out/>
</testsuite> <!-- AppiumBasic.DragNDrop -->
