<?xml version="1.0" encoding="UTF-8"?>
<!-- Generated by org.testng.reporters.JUnitReportReporter -->
<testsuite hostname="AMALITECH-PC-10186" failures="0" tests="1" name="AppiumBasic.ScrollEffect" time="2.593" errors="0" timestamp="2023-11-20T10:16:13 GMT" skipped="0">
  <testcase classname="AppiumBasic.ScrollEffect" name="ScrollDemoTests" time="2.593"/>
  <system-out/>
</testsuite> <!-- AppiumBasic.ScrollEffect -->
