<?xml version="1.0" encoding="UTF-8"?>
<!-- Generated by org.testng.reporters.JUnitReportReporter -->
<testsuite hostname="AMALITECH-PC-10186" failures="0" tests="1" name="AppiumBasic.MiscellaneousActivities" time="10.261" errors="0" timestamp="2023-11-20T14:45:25 GMT" skipped="0">
  <testcase classname="AppiumBasic.MiscellaneousActivities" name="MiscellineousActivity" time="10.261"/>
  <system-out/>
</testsuite> <!-- AppiumBasic.MiscellaneousActivities -->
