<?xml version="1.0" encoding="UTF-8"?>
<!-- Generated by org.testng.reporters.JUnitReportReporter -->
<testsuite hostname="AMALITECH-PC-10186" failures="0" tests="3" name="org.javaTut.HybridApp" time="204.257" errors="0" timestamp="2023-12-06T09:46:33 GMT" skipped="0">
  <testcase classname="org.javaTut.HybridApp" name="checkBox" time="60.009"/>
  <system-out/>
  <testcase classname="org.javaTut.HybridApp" name="checkBox" time="85.923"/>
  <system-out/>
  <testcase classname="org.javaTut.HybridApp" name="checkBox" time="58.325"/>
  <system-out/>
</testsuite> <!-- org.javaTut.HybridApp -->
