<?xml version="1.0" encoding="UTF-8"?>
<!-- Generated by org.testng.reporters.JUnitReportReporter -->
<testsuite hostname="AMALITECH-PC-10186" failures="0" tests="1" name="org.javaTut.HybridApp" time="61.657" errors="0" timestamp="2023-11-30T11:11:18 GMT" skipped="0">
  <testcase classname="org.javaTut.HybridApp" name="checkBox" time="61.657"/>
  <system-out/>
</testsuite> <!-- org.javaTut.HybridApp -->
