<?xml version="1.0" encoding="UTF-8"?>
<!-- Generated by org.testng.reporters.JUnitReportReporter -->
<testsuite hostname="AMALITECH-PC-10186" failures="0" tests="3" name="org.javaTut.HybridApp" time="190.360" errors="0" timestamp="2023-12-05T14:05:12 GMT" skipped="0">
  <testcase classname="org.javaTut.HybridApp" name="checkBox" time="57.920"/>
  <system-out/>
  <testcase classname="org.javaTut.HybridApp" name="checkBox" time="56.174"/>
  <system-out/>
  <testcase classname="org.javaTut.HybridApp" name="checkBox" time="76.266"/>
  <system-out/>
</testsuite> <!-- org.javaTut.HybridApp -->
