<?xml version="1.0" encoding="UTF-8"?>
<!-- Generated by org.testng.reporters.JUnitReportReporter -->
<testsuite hostname="AMALITECH-PC-10186" failures="0" tests="3" name="org.javaTut.HybridApp" time="190.698" errors="0" timestamp="2023-12-04T11:02:20 GMT" skipped="0">
  <testcase classname="org.javaTut.HybridApp" name="checkBox" time="58.056"/>
  <system-out/>
  <testcase classname="org.javaTut.HybridApp" name="checkBox" time="71.696"/>
  <system-out/>
  <testcase classname="org.javaTut.HybridApp" name="checkBox" time="60.946"/>
  <system-out/>
</testsuite> <!-- org.javaTut.HybridApp -->
