<?xml version="1.0" encoding="UTF-8"?>
<!-- Generated by org.testng.reporters.JUnitReportReporter -->
<testsuite hostname="AMALITECH-PC-10186" failures="0" tests="1" name="org.javaTut.ExtentReport.ExtentReportDemo" time="15.654" errors="0" timestamp="2023-12-06T11:32:00 GMT" skipped="0">
  <testcase classname="org.javaTut.ExtentReport.ExtentReportDemo" name="initialDemo" time="15.654"/>
  <system-out/>
</testsuite> <!-- org.javaTut.ExtentReport.ExtentReportDemo -->
